release/2.705_play/outputs/logs/manifest-merger-release-report.txt
-- Merging decision tree log ---
manifest
ADDED from src\main\AndroidManifest.xml:2:1-478:12
INJECTED from src\main\AndroidManifest.xml:2:1-478:12
INJECTED from src\main\AndroidManifest.xml:2:1-478:12
INJECTED from src\main\AndroidManifest.xml:2:1-478:12
MERGED from [androidx.databinding:viewbinding:4.1.2] AndroidManifest.xml:17:1-22:12
MERGED from [com.github.turing-tech:MaterialScrollBar:13.3.2] AndroidManifest.xml:2:1-10:12
MERGED from [com.google.android.material:material:1.3.0-alpha03] AndroidManifest.xml:17:1-24:12
MERGED from [com.jaredrummler:colorpicker:1.1.0] AndroidManifest.xml:2:1-9:12
MERGED from [androidx.preference:preference:1.1.1] AndroidManifest.xml:17:1-24:12
MERGED from [com.xw.repo:bubbleseekbar:3.20-lite] AndroidManifest.xml:2:1-13:12
MERGED from [me.jfenn:AdaptiveIconView:0.0.1] AndroidManifest.xml:2:1-12:12
MERGED from [com.github.didikee:AndroidDonate:0.1.0] AndroidManifest.xml:2:1-17:12
MERGED from [androidx.constraintlayout:constraintlayout:2.0.1] AndroidManifest.xml:2:1-11:12
MERGED from [androidx.appcompat:appcompat:1.2.0] AndroidManifest.xml:17:1-24:12
MERGED from [androidx.cardview:cardview:1.0.0] AndroidManifest.xml:17:1-22:12
MERGED from [androidx.swiperefreshlayout:swiperefreshlayout:1.1.0] AndroidManifest.xml:17:1-24:12
MERGED from [androidx.work:work-runtime:2.4.0] AndroidManifest.xml:17:1-143:12
MERGED from [androidx.lifecycle:lifecycle-extensions:2.2.0] AndroidManifest.xml:17:1-27:12
MERGED from [com.github.bumptech.glide:okhttp3-integration:4.11.0] AndroidManifest.xml:2:1-16:12
MERGED from [com.github.bumptech.glide:glide:4.11.0] AndroidManifest.xml:2:1-12:12
MERGED from [androidx.viewpager2:viewpager2:1.0.0] AndroidManifest.xml:17:1-24:12
MERGED from [com.google.android.gms:play-services-location:17.1.0] AndroidManifest.xml:2:1-9:12
MERGED from [com.google.android.gms:play-services-base:17.3.0] AndroidManifest.xml:17:1-29:12
MERGED from [com.google.android.gms:play-services-places-placereport:17.0.0] AndroidManifest.xml:17:1-24:12
MERGED from [com.google.android.gms:play-services-tasks:17.1.0] AndroidManifest.xml:2:1-9:12
MERGED from [com.google.android.gms:play-services-basement:17.3.0] AndroidManifest.xml:17:1-28:12
MERGED from [androidx.fragment:fragment:1.2.4] AndroidManifest.xml:17:1-24:12
MERGED from [androidx.dynamicanimation:dynamicanimation:1.0.0] AndroidManifest.xml:17:1-22:12
MERGED from [androidx.legacy:legacy-support-core-utils:1.0.0] AndroidManifest.xml:17:1-22:12
MERGED from [androidx.loader:loader:1.0.0] AndroidManifest.xml:17:1-22:12
MERGED from [androidx.activity:activity:1.1.0] AndroidManifest.xml:17:1-24:12
MERGED from [androidx.lifecycle:lifecycle-viewmodel-savedstate:2.2.0] AndroidManifest.xml:17:1-24:12
MERGED from [androidx.lifecycle:lifecycle-viewmodel:2.2.0] AndroidManifest.xml:17:1-24:12
MERGED from [androidx.lifecycle:lifecycle-reactivestreams:2.2.0] AndroidManifest.xml:17:1-24:12
MERGED from [androidx.lifecycle:lifecycle-livedata:2.2.0] AndroidManifest.xml:17:1-24:12
MERGED from [androidx.lifecycle:lifecycle-service:2.2.0] AndroidManifest.xml:17:1-24:12
MERGED from [androidx.lifecycle:lifecycle-process:2.2.0] AndroidManifest.xml:17:1-32:12
MERGED from [androidx.coordinatorlayout:coordinatorlayout:1.1.0] AndroidManifest.xml:17:1-24:12
MERGED from [androidx.transition:transition:1.2.0] AndroidManifest.xml:17:1-24:12
MERGED from [androidx.appcompat:appcompat-resources:1.2.0] AndroidManifest.xml:17:1-24:12
MERGED from [androidx.vectordrawable:vectordrawable-animated:1.1.0] AndroidManifest.xml:17:1-24:12
MERGED from [androidx.vectordrawable:vectordrawable:1.1.0] AndroidManifest.xml:17:1-24:12
MERGED from [androidx.drawerlayout:drawerlayout:1.0.0] AndroidManifest.xml:17:1-22:12
MERGED from [androidx.recyclerview:recyclerview:1.1.0] AndroidManifest.xml:17:1-24:12
MERGED from [androidx.viewpager:viewpager:1.0.0] AndroidManifest.xml:17:1-22:12
MERGED from [androidx.customview:customview:1.0.0] AndroidManifest.xml:17:1-22:12
MERGED from [androidx.core:core:1.3.1] AndroidManifest.xml:17:1-26:12
MERGED from [androidx.lifecycle:lifecycle-runtime:2.2.0] AndroidManifest.xml:17:1-24:12
MERGED from [androidx.multidex:multidex:2.0.0] AndroidManifest.xml:17:1-22:12
MERGED from [io.github.yuweiguocn:GreenDaoUpgradeHelper:v2.2.1] AndroidManifest.xml:2:1-16:12
MERGED from [org.cyanogenmod:platform.sdk:5.0] AndroidManifest.xml:19:1-22:12
MERGED from [io.reactivex.rxjava2:rxandroid:2.1.1] AndroidManifest.xml:15:1-20:12
MERGED from [com.github.nekocode.rxlifecycle:rxlifecycle:2.0] AndroidManifest.xml:2:1-12:12
MERGED from [com.github.nekocode.rxlifecycle:rxlifecycle-compact:2.0] AndroidManifest.xml:2:1-12:12
MERGED from [com.github.rahatarmanahmed:circularprogressview:2.5.0] AndroidManifest.xml:2:1-11:12
MERGED from [androidx.cursoradapter:cursoradapter:1.0.0] AndroidManifest.xml:17:1-22:12
MERGED from [androidx.interpolator:interpolator:1.0.0] AndroidManifest.xml:17:1-22:12
MERGED from [androidx.room:room-runtime:2.2.5] AndroidManifest.xml:17:1-31:12
MERGED from [androidx.sqlite:sqlite-framework:2.1.0] AndroidManifest.xml:17:1-24:12
MERGED from [androidx.sqlite:sqlite:2.1.0] AndroidManifest.xml:17:1-24:12
MERGED from [androidx.lifecycle:lifecycle-livedata-core:2.2.0] AndroidManifest.xml:17:1-24:12
MERGED from [androidx.arch.core:core-runtime:2.1.0] AndroidManifest.xml:17:1-24:12
MERGED from [androidx.savedstate:savedstate:1.0.0] AndroidManifest.xml:17:1-24:12
MERGED from [com.github.bumptech.glide:gifdecoder:4.11.0] AndroidManifest.xml:2:1-11:12
MERGED from [androidx.exifinterface:exifinterface:1.0.0] AndroidManifest.xml:17:1-22:12
MERGED from [androidx.versionedparcelable:versionedparcelable:1.1.0] AndroidManifest.xml:17:1-27:12
MERGED from [androidx.documentfile:documentfile:1.0.0] AndroidManifest.xml:17:1-22:12
MERGED from [androidx.localbroadcastmanager:localbroadcastmanager:1.0.0] AndroidManifest.xml:17:1-22:12
MERGED from [androidx.print:print:1.0.0] AndroidManifest.xml:17:1-22:12
MERGED from [androidx.annotation:annotation-experimental:1.0.0] AndroidManifest.xml:17:1-24:12
INJECTED from src\main\AndroidManifest.xml:2:1-478:12
INJECTED from src\main\AndroidManifest.xml:2:1-478:12
INJECTED from src\main\AndroidManifest.xml:2:1-478:12
	package
		ADDED from src\main\AndroidManifest.xml:4:5-44
		INJECTED from src\main\AndroidManifest.xml
		INJECTED from src\main\AndroidManifest.xml
	android:versionName
		INJECTED from src\main\AndroidManifest.xml
		ADDED from src\main\AndroidManifest.xml:2:1-478:12
		INJECTED from src\main\AndroidManifest.xml
	xmlns:tools
		ADDED from src\main\AndroidManifest.xml:3:5-51
	android:versionCode
		INJECTED from src\main\AndroidManifest.xml
		ADDED from src\main\AndroidManifest.xml:2:1-478:12
		INJECTED from src\main\AndroidManifest.xml
	xmlns:android
		ADDED from src\main\AndroidManifest.xml:2:11-69
uses-permission#android.permission.ACCESS_FINE_LOCATION
ADDED from src\main\AndroidManifest.xml:6:5-79
	android:name
		ADDED from src\main\AndroidManifest.xml:6:22-76
uses-permission#android.permission.ACCESS_COARSE_LOCATION
ADDED from src\main\AndroidManifest.xml:7:5-81
	android:name
		ADDED from src\main\AndroidManifest.xml:7:22-78
uses-permission#android.permission.ACCESS_BACKGROUND_LOCATION
ADDED from src\main\AndroidManifest.xml:8:5-85
	android:name
		ADDED from src\main\AndroidManifest.xml:8:22-82
uses-permission#android.permission.REQUEST_IGNORE_BATTERY_OPTIMIZATIONS
ADDED from src\main\AndroidManifest.xml:10:5-95
	android:name
		ADDED from src\main\AndroidManifest.xml:10:22-92
uses-permission#android.permission.ACCESS_NETWORK_STATE
ADDED from src\main\AndroidManifest.xml:12:5-79
MERGED from [androidx.work:work-runtime:2.4.0] AndroidManifest.xml:26:5-79
MERGED from [androidx.work:work-runtime:2.4.0] AndroidManifest.xml:26:5-79
	android:name
		ADDED from src\main\AndroidManifest.xml:12:22-76
uses-permission#android.permission.ACCESS_WIFI_STATE
ADDED from src\main\AndroidManifest.xml:13:5-76
	android:name
		ADDED from src\main\AndroidManifest.xml:13:22-73
uses-permission#android.permission.CHANGE_WIFI_STATE
ADDED from src\main\AndroidManifest.xml:14:5-76
	android:name
		ADDED from src\main\AndroidManifest.xml:14:22-73
uses-permission#android.permission.INTERNET
ADDED from src\main\AndroidManifest.xml:15:5-67
	android:name
		ADDED from src\main\AndroidManifest.xml:15:22-64
uses-permission#android.permission.WRITE_EXTERNAL_STORAGE
ADDED from src\main\AndroidManifest.xml:17:5-110
	tools:ignore
		ADDED from src\main\AndroidManifest.xml:17:79-107
	android:name
		ADDED from src\main\AndroidManifest.xml:17:22-78
uses-permission#android.permission.MOUNT_UNMOUNT_FILESYSTEMS
ADDED from src\main\AndroidManifest.xml:18:5-120
	tools:ignore
		ADDED from src\main\AndroidManifest.xml:18:82-117
	android:name
		ADDED from src\main\AndroidManifest.xml:18:22-81
uses-permission#android.permission.RECEIVE_BOOT_COMPLETED
ADDED from src\main\AndroidManifest.xml:20:5-81
MERGED from [androidx.work:work-runtime:2.4.0] AndroidManifest.xml:27:5-81
MERGED from [androidx.work:work-runtime:2.4.0] AndroidManifest.xml:27:5-81
	android:name
		ADDED from src\main\AndroidManifest.xml:20:22-78
uses-permission#android.permission.EXPAND_STATUS_BAR
ADDED from src\main\AndroidManifest.xml:21:5-76
	android:name
		ADDED from src\main\AndroidManifest.xml:21:22-73
uses-permission#com.android.alarm.permission.SET_ALARM
ADDED from src\main\AndroidManifest.xml:22:5-78
	android:name
		ADDED from src\main\AndroidManifest.xml:22:22-75
uses-permission#android.permission.FOREGROUND_SERVICE
ADDED from src\main\AndroidManifest.xml:23:5-77
MERGED from [androidx.work:work-runtime:2.4.0] AndroidManifest.xml:28:5-77
MERGED from [androidx.work:work-runtime:2.4.0] AndroidManifest.xml:28:5-77
	android:name
		ADDED from src\main\AndroidManifest.xml:23:22-74
uses-permission#android.permission.INSTANT_APP_FOREGROUND_SERVICE
ADDED from src\main\AndroidManifest.xml:24:5-125
	tools:ignore
		ADDED from src\main\AndroidManifest.xml:24:87-122
	android:name
		ADDED from src\main\AndroidManifest.xml:24:22-86
uses-permission#android.permission.READ_LOGS
ADDED from src\main\AndroidManifest.xml:25:5-104
	tools:ignore
		ADDED from src\main\AndroidManifest.xml:25:66-101
	android:name
		ADDED from src\main\AndroidManifest.xml:25:22-65
uses-feature#android.software.live_wallpaper
ADDED from src\main\AndroidManifest.xml:27:5-92
	android:required
		ADDED from src\main\AndroidManifest.xml:27:66-89
	android:name
		ADDED from src\main\AndroidManifest.xml:27:19-65
uses-feature#android.hardware.location.gps
ADDED from src\main\AndroidManifest.xml:28:5-66
	android:name
		ADDED from src\main\AndroidManifest.xml:28:19-63
uses-feature#android.hardware.location.network
ADDED from src\main\AndroidManifest.xml:29:5-70
	android:name
		ADDED from src\main\AndroidManifest.xml:29:19-67
queries
ADDED from src\main\AndroidManifest.xml:31:5-40:15
intent#action:name:com.wangdaye.geometricweather.ICON_PROVIDER
ADDED from src\main\AndroidManifest.xml:32:9-35:18
action#com.wangdaye.geometricweather.ICON_PROVIDER
ADDED from src\main\AndroidManifest.xml:34:13-82
	android:name
		ADDED from src\main\AndroidManifest.xml:34:21-79
intent#action:name:android.intent.action.MAIN
ADDED from src\main\AndroidManifest.xml:36:9-39:18
action#android.intent.action.MAIN
ADDED from src\main\AndroidManifest.xml:38:13-65
	android:name
		ADDED from src\main\AndroidManifest.xml:38:21-62
application
ADDED from src\main\AndroidManifest.xml:42:5-476:19
MERGED from [com.google.android.material:material:1.3.0-alpha03] AndroidManifest.xml:22:5-20
MERGED from [com.google.android.material:material:1.3.0-alpha03] AndroidManifest.xml:22:5-20
MERGED from [com.xw.repo:bubbleseekbar:3.20-lite] AndroidManifest.xml:11:5-20
MERGED from [com.xw.repo:bubbleseekbar:3.20-lite] AndroidManifest.xml:11:5-20
MERGED from [com.github.didikee:AndroidDonate:0.1.0] AndroidManifest.xml:11:5-15:19
MERGED from [com.github.didikee:AndroidDonate:0.1.0] AndroidManifest.xml:11:5-15:19
MERGED from [androidx.constraintlayout:constraintlayout:2.0.1] AndroidManifest.xml:9:5-20
MERGED from [androidx.constraintlayout:constraintlayout:2.0.1] AndroidManifest.xml:9:5-20
MERGED from [androidx.work:work-runtime:2.4.0] AndroidManifest.xml:30:5-141:19
MERGED from [androidx.work:work-runtime:2.4.0] AndroidManifest.xml:30:5-141:19
MERGED from [androidx.lifecycle:lifecycle-extensions:2.2.0] AndroidManifest.xml:24:5-25:19
MERGED from [androidx.lifecycle:lifecycle-extensions:2.2.0] AndroidManifest.xml:24:5-25:19
MERGED from [com.github.bumptech.glide:okhttp3-integration:4.11.0] AndroidManifest.xml:10:5-14:19
MERGED from [com.github.bumptech.glide:okhttp3-integration:4.11.0] AndroidManifest.xml:10:5-14:19
MERGED from [com.github.bumptech.glide:glide:4.11.0] AndroidManifest.xml:10:5-20
MERGED from [com.github.bumptech.glide:glide:4.11.0] AndroidManifest.xml:10:5-20
MERGED from [com.google.android.gms:play-services-location:17.1.0] AndroidManifest.xml:7:5-20
MERGED from [com.google.android.gms:play-services-location:17.1.0] AndroidManifest.xml:7:5-20
MERGED from [com.google.android.gms:play-services-base:17.3.0] AndroidManifest.xml:22:5-27:19
MERGED from [com.google.android.gms:play-services-base:17.3.0] AndroidManifest.xml:22:5-27:19
MERGED from [com.google.android.gms:play-services-places-placereport:17.0.0] AndroidManifest.xml:22:5-20
MERGED from [com.google.android.gms:play-services-places-placereport:17.0.0] AndroidManifest.xml:22:5-20
MERGED from [com.google.android.gms:play-services-tasks:17.1.0] AndroidManifest.xml:7:5-20
MERGED from [com.google.android.gms:play-services-tasks:17.1.0] AndroidManifest.xml:7:5-20
MERGED from [com.google.android.gms:play-services-basement:17.3.0] AndroidManifest.xml:22:5-26:19
MERGED from [com.google.android.gms:play-services-basement:17.3.0] AndroidManifest.xml:22:5-26:19
MERGED from [androidx.lifecycle:lifecycle-process:2.2.0] AndroidManifest.xml:24:5-30:19
MERGED from [androidx.lifecycle:lifecycle-process:2.2.0] AndroidManifest.xml:24:5-30:19
MERGED from [androidx.core:core:1.3.1] AndroidManifest.xml:24:5-89
MERGED from [androidx.core:core:1.3.1] AndroidManifest.xml:24:5-89
MERGED from [io.github.yuweiguocn:GreenDaoUpgradeHelper:v2.2.1] AndroidManifest.xml:11:5-14:19
MERGED from [io.github.yuweiguocn:GreenDaoUpgradeHelper:v2.2.1] AndroidManifest.xml:11:5-14:19
MERGED from [androidx.room:room-runtime:2.2.5] AndroidManifest.xml:24:5-29:19
MERGED from [androidx.room:room-runtime:2.2.5] AndroidManifest.xml:24:5-29:19
MERGED from [com.github.bumptech.glide:gifdecoder:4.11.0] AndroidManifest.xml:9:5-20
MERGED from [com.github.bumptech.glide:gifdecoder:4.11.0] AndroidManifest.xml:9:5-20
MERGED from [androidx.versionedparcelable:versionedparcelable:1.1.0] AndroidManifest.xml:24:5-25:19
MERGED from [androidx.versionedparcelable:versionedparcelable:1.1.0] AndroidManifest.xml:24:5-25:19
	android:requestLegacyExternalStorage
		ADDED from src\main\AndroidManifest.xml:50:9-52
	android:appComponentFactory
		ADDED from [androidx.core:core:1.3.1] AndroidManifest.xml:24:18-86
	android:supportsRtl
		ADDED from src\main\AndroidManifest.xml:46:9-35
	android:label
		ADDED from src\main\AndroidManifest.xml:44:9-50
		REJECTED from [com.github.didikee:AndroidDonate:0.1.0] AndroidManifest.xml:13:9-41
	tools:ignore
		ADDED from src\main\AndroidManifest.xml:51:9-104
	android:allowBackup
		ADDED from [com.github.didikee:AndroidDonate:0.1.0] AndroidManifest.xml:12:9-35
	tools:targetApi
		ADDED from src\main\AndroidManifest.xml:53:9-28
	android:largeHeap
		ADDED from src\main\AndroidManifest.xml:47:9-33
	android:icon
		ADDED from src\main\AndroidManifest.xml:43:9-43
	android:theme
		ADDED from src\main\AndroidManifest.xml:48:9-53
	android:networkSecurityConfig
		ADDED from src\main\AndroidManifest.xml:49:9-69
	tools:replace
		ADDED from src\main\AndroidManifest.xml:52:9-38
	android:name
		ADDED from src\main\AndroidManifest.xml:45:9-41
meta-data#com.wangdaye.geometricweather.PROVIDER_CONFIG
ADDED from src\main\AndroidManifest.xml:55:9-57:60
	android:resource
		ADDED from src\main\AndroidManifest.xml:57:13-57
	android:name
		ADDED from src\main\AndroidManifest.xml:56:13-73
meta-data#com.wangdaye.geometricweather.DRAWABLE_FILTER
ADDED from src\main\AndroidManifest.xml:58:9-60:69
	android:resource
		ADDED from src\main\AndroidManifest.xml:60:13-66
	android:name
		ADDED from src\main\AndroidManifest.xml:59:13-73
meta-data#com.wangdaye.geometricweather.ANIMATOR_FILTER
ADDED from src\main\AndroidManifest.xml:61:9-63:69
	android:resource
		ADDED from src\main\AndroidManifest.xml:63:13-66
	android:name
		ADDED from src\main\AndroidManifest.xml:62:13-73
meta-data#com.wangdaye.geometricweather.SHORTCUT_FILTER
ADDED from src\main\AndroidManifest.xml:64:9-66:69
	android:resource
		ADDED from src\main\AndroidManifest.xml:66:13-66
	android:name
		ADDED from src\main\AndroidManifest.xml:65:13-73
meta-data#com.wangdaye.geometricweather.SUN_MOON_FILTER
ADDED from src\main\AndroidManifest.xml:67:9-69:69
	android:resource
		ADDED from src\main\AndroidManifest.xml:69:13-66
	android:name
		ADDED from src\main\AndroidManifest.xml:68:13-73
meta-data#com.baidu.lbsapi.API_KEY
ADDED from src\main\AndroidManifest.xml:71:9-73:56
	android:value
		ADDED from src\main\AndroidManifest.xml:73:13-53
	android:name
		ADDED from src\main\AndroidManifest.xml:72:13-52
service#com.baidu.location.f
ADDED from src\main\AndroidManifest.xml:74:9-78:76
	android:process
		ADDED from src\main\AndroidManifest.xml:77:13-38
	android:enabled
		ADDED from src\main\AndroidManifest.xml:76:13-35
	android:networkSecurityConfig
		ADDED from src\main\AndroidManifest.xml:78:13-73
	android:name
		ADDED from src\main\AndroidManifest.xml:75:13-48
meta-data#com.amap.api.v2.apikey
ADDED from src\main\AndroidManifest.xml:80:9-82:64
	android:value
		ADDED from src\main\AndroidManifest.xml:82:13-61
	android:name
		ADDED from src\main\AndroidManifest.xml:81:13-50
service#com.amap.api.location.APSService
ADDED from src\main\AndroidManifest.xml:83:9-85:76
	android:networkSecurityConfig
		ADDED from src\main\AndroidManifest.xml:85:13-73
	android:name
		ADDED from src\main\AndroidManifest.xml:84:13-60
activity#wangdaye.com.geometricweather.main.MainActivity
ADDED from src\main\AndroidManifest.xml:87:9-104:20
	android:screenOrientation
		ADDED from src\main\AndroidManifest.xml:91:13-45
	android:label
		ADDED from src\main\AndroidManifest.xml:89:13-45
	android:configChanges
		ADDED from src\main\AndroidManifest.xml:92:13-43
	android:theme
		ADDED from src\main\AndroidManifest.xml:90:13-62
	android:name
		ADDED from src\main\AndroidManifest.xml:88:13-46
intent-filter#action:name:android.intent.action.MAIN+category:name:android.intent.category.LAUNCHER
ADDED from src\main\AndroidManifest.xml:93:13-96:29
category#android.intent.category.LAUNCHER
ADDED from src\main\AndroidManifest.xml:95:17-77
	android:name
		ADDED from src\main\AndroidManifest.xml:95:27-74
intent-filter#action:name:com.wangdaye.geometricweather.Main+action:name:com.wangdaye.geomtricweather.ACTION_SHOW_ALERTS+action:name:com.wangdaye.geomtricweather.ACTION_SHOW_DAILY_FORECAST+category:name:android.intent.category.DEFAULT
ADDED from src\main\AndroidManifest.xml:97:13-103:29
action#com.wangdaye.geometricweather.Main
ADDED from src\main\AndroidManifest.xml:99:17-77
	android:name
		ADDED from src\main\AndroidManifest.xml:99:25-74
action#com.wangdaye.geomtricweather.ACTION_SHOW_ALERTS
ADDED from src\main\AndroidManifest.xml:100:17-90
	android:name
		ADDED from src\main\AndroidManifest.xml:100:25-87
action#com.wangdaye.geomtricweather.ACTION_SHOW_DAILY_FORECAST
ADDED from src\main\AndroidManifest.xml:101:17-98
	android:name
		ADDED from src\main\AndroidManifest.xml:101:25-95
category#android.intent.category.DEFAULT
ADDED from src\main\AndroidManifest.xml:102:17-76
	android:name
		ADDED from src\main\AndroidManifest.xml:102:27-73
activity#wangdaye.com.geometricweather.daily.DailyWeatherActivity
ADDED from src\main\AndroidManifest.xml:106:9-109:60
	android:label
		ADDED from src\main\AndroidManifest.xml:108:13-51
	android:theme
		ADDED from src\main\AndroidManifest.xml:109:13-57
	android:name
		ADDED from src\main\AndroidManifest.xml:107:13-55
activity#wangdaye.com.geometricweather.ui.activity.AlertActivity
ADDED from src\main\AndroidManifest.xml:111:9-114:60
	android:label
		ADDED from src\main\AndroidManifest.xml:113:13-49
	android:theme
		ADDED from src\main\AndroidManifest.xml:114:13-57
	android:name
		ADDED from src\main\AndroidManifest.xml:112:13-54
activity#wangdaye.com.geometricweather.ui.activity.AllergenActivity
ADDED from src\main\AndroidManifest.xml:116:9-119:60
	android:label
		ADDED from src\main\AndroidManifest.xml:118:13-45
	android:theme
		ADDED from src\main\AndroidManifest.xml:119:13-57
	android:name
		ADDED from src\main\AndroidManifest.xml:117:13-57
activity#wangdaye.com.geometricweather.manage.activity.ManageActivity
ADDED from src\main\AndroidManifest.xml:121:9-124:60
	android:label
		ADDED from src\main\AndroidManifest.xml:123:13-50
	android:theme
		ADDED from src\main\AndroidManifest.xml:124:13-57
	android:name
		ADDED from src\main\AndroidManifest.xml:122:13-59
activity#wangdaye.com.geometricweather.manage.activity.SearchActivity
ADDED from src\main\AndroidManifest.xml:126:9-128:67
	android:label
		ADDED from src\main\AndroidManifest.xml:127:13-50
	android:theme
		ADDED from src\main\AndroidManifest.xml:128:13-64
	android:name
		ADDED from src\main\AndroidManifest.xml:126:19-65
activity#wangdaye.com.geometricweather.settings.activity.SettingsActivity
ADDED from src\main\AndroidManifest.xml:130:9-134:48
	android:screenOrientation
		ADDED from src\main\AndroidManifest.xml:134:13-45
	android:label
		ADDED from src\main\AndroidManifest.xml:132:13-52
	android:theme
		ADDED from src\main\AndroidManifest.xml:133:13-57
	android:name
		ADDED from src\main\AndroidManifest.xml:131:13-63
activity#wangdaye.com.geometricweather.settings.activity.CardDisplayManageActivity
ADDED from src\main\AndroidManifest.xml:136:9-140:48
	android:screenOrientation
		ADDED from src\main\AndroidManifest.xml:140:13-45
	android:label
		ADDED from src\main\AndroidManifest.xml:138:13-64
	android:theme
		ADDED from src\main\AndroidManifest.xml:139:13-57
	android:name
		ADDED from src\main\AndroidManifest.xml:137:13-72
activity#wangdaye.com.geometricweather.settings.activity.DailyTrendDisplayManageActivity
ADDED from src\main\AndroidManifest.xml:142:9-146:48
	android:screenOrientation
		ADDED from src\main\AndroidManifest.xml:146:13-45
	android:label
		ADDED from src\main\AndroidManifest.xml:144:13-71
	android:theme
		ADDED from src\main\AndroidManifest.xml:145:13-57
	android:name
		ADDED from src\main\AndroidManifest.xml:143:13-78
activity#wangdaye.com.geometricweather.settings.activity.SelectProviderActivity
ADDED from src\main\AndroidManifest.xml:148:9-152:48
	android:screenOrientation
		ADDED from src\main\AndroidManifest.xml:152:13-45
	android:label
		ADDED from src\main\AndroidManifest.xml:150:13-68
	android:theme
		ADDED from src\main\AndroidManifest.xml:151:13-57
	android:name
		ADDED from src\main\AndroidManifest.xml:149:13-69
activity#wangdaye.com.geometricweather.settings.activity.PreviewIconActivity
ADDED from src\main\AndroidManifest.xml:154:9-157:60
	android:label
		ADDED from src\main\AndroidManifest.xml:156:13-51
	android:theme
		ADDED from src\main\AndroidManifest.xml:157:13-57
	android:name
		ADDED from src\main\AndroidManifest.xml:155:13-66
activity#wangdaye.com.geometricweather.settings.activity.AboutActivity
ADDED from src\main\AndroidManifest.xml:159:9-163:48
	android:screenOrientation
		ADDED from src\main\AndroidManifest.xml:163:13-45
	android:label
		ADDED from src\main\AndroidManifest.xml:161:13-49
	android:theme
		ADDED from src\main\AndroidManifest.xml:162:13-57
	android:name
		ADDED from src\main\AndroidManifest.xml:160:13-60
activity#wangdaye.com.geometricweather.ui.activity.AwakeUpdateActivity
ADDED from src\main\AndroidManifest.xml:165:9-172:20
	android:launchMode
		ADDED from src\main\AndroidManifest.xml:167:13-48
	android:name
		ADDED from src\main\AndroidManifest.xml:166:13-60
intent-filter#action:name:com.wangdaye.geometricweather.UPDATE+category:name:android.intent.category.DEFAULT
ADDED from src\main\AndroidManifest.xml:168:13-171:29
action#com.wangdaye.geometricweather.UPDATE
ADDED from src\main\AndroidManifest.xml:169:17-79
	android:name
		ADDED from src\main\AndroidManifest.xml:169:25-76
activity#wangdaye.com.geometricweather.wallpaper.LiveWallpaperConfigActivity
ADDED from src\main\AndroidManifest.xml:174:9-179:39
	android:screenOrientation
		ADDED from src\main\AndroidManifest.xml:178:13-45
	android:label
		ADDED from src\main\AndroidManifest.xml:176:13-66
	android:exported
		ADDED from src\main\AndroidManifest.xml:179:13-36
	android:theme
		ADDED from src\main\AndroidManifest.xml:177:13-57
	android:name
		ADDED from src\main\AndroidManifest.xml:175:13-66
activity#wangdaye.com.geometricweather.remoteviews.config.DayWidgetConfigActivity
ADDED from src\main\AndroidManifest.xml:183:9-190:20
	android:screenOrientation
		ADDED from src\main\AndroidManifest.xml:186:13-45
	android:theme
		ADDED from src\main\AndroidManifest.xml:185:13-57
	android:name
		ADDED from src\main\AndroidManifest.xml:184:13-71
intent-filter#action:name:andorid.appwidget.action.APPWIDGET_CONFIGURE
ADDED from src\main\AndroidManifest.xml:187:13-189:29
action#andorid.appwidget.action.APPWIDGET_CONFIGURE
ADDED from src\main\AndroidManifest.xml:188:17-87
	android:name
		ADDED from src\main\AndroidManifest.xml:188:25-84
activity#wangdaye.com.geometricweather.remoteviews.config.WeekWidgetConfigActivity
ADDED from src\main\AndroidManifest.xml:192:9-199:20
	android:screenOrientation
		ADDED from src\main\AndroidManifest.xml:195:13-45
	android:theme
		ADDED from src\main\AndroidManifest.xml:194:13-57
	android:name
		ADDED from src\main\AndroidManifest.xml:193:13-72
activity#wangdaye.com.geometricweather.remoteviews.config.DayWeekWidgetConfigActivity
ADDED from src\main\AndroidManifest.xml:201:9-208:20
	android:screenOrientation
		ADDED from src\main\AndroidManifest.xml:204:13-45
	android:theme
		ADDED from src\main\AndroidManifest.xml:203:13-57
	android:name
		ADDED from src\main\AndroidManifest.xml:202:13-75
activity#wangdaye.com.geometricweather.remoteviews.config.ClockDayHorizontalWidgetConfigActivity
ADDED from src\main\AndroidManifest.xml:210:9-217:20
	android:screenOrientation
		ADDED from src\main\AndroidManifest.xml:213:13-45
	android:theme
		ADDED from src\main\AndroidManifest.xml:212:13-57
	android:name
		ADDED from src\main\AndroidManifest.xml:211:13-86
activity#wangdaye.com.geometricweather.remoteviews.config.ClockDayDetailsWidgetConfigActivity
ADDED from src\main\AndroidManifest.xml:219:9-226:20
	android:screenOrientation
		ADDED from src\main\AndroidManifest.xml:222:13-45
	android:theme
		ADDED from src\main\AndroidManifest.xml:221:13-57
	android:name
		ADDED from src\main\AndroidManifest.xml:220:13-83
activity#wangdaye.com.geometricweather.remoteviews.config.ClockDayVerticalWidgetConfigActivity
ADDED from src\main\AndroidManifest.xml:228:9-235:20
	android:screenOrientation
		ADDED from src\main\AndroidManifest.xml:231:13-45
	android:theme
		ADDED from src\main\AndroidManifest.xml:230:13-57
	android:name
		ADDED from src\main\AndroidManifest.xml:229:13-84
activity#wangdaye.com.geometricweather.remoteviews.config.ClockDayWeekWidgetConfigActivity
ADDED from src\main\AndroidManifest.xml:237:9-244:20
	android:screenOrientation
		ADDED from src\main\AndroidManifest.xml:240:13-45
	android:theme
		ADDED from src\main\AndroidManifest.xml:239:13-57
	android:name
		ADDED from src\main\AndroidManifest.xml:238:13-80
activity#wangdaye.com.geometricweather.remoteviews.config.TextWidgetConfigActivity
ADDED from src\main\AndroidManifest.xml:246:9-253:20
	android:screenOrientation
		ADDED from src\main\AndroidManifest.xml:249:13-45
	android:theme
		ADDED from src\main\AndroidManifest.xml:248:13-57
	android:name
		ADDED from src\main\AndroidManifest.xml:247:13-72
activity#wangdaye.com.geometricweather.remoteviews.config.DailyTrendWidgetConfigActivity
ADDED from src\main\AndroidManifest.xml:255:9-262:20
	android:screenOrientation
		ADDED from src\main\AndroidManifest.xml:258:13-45
	android:theme
		ADDED from src\main\AndroidManifest.xml:257:13-57
	android:name
		ADDED from src\main\AndroidManifest.xml:256:13-78
activity#wangdaye.com.geometricweather.remoteviews.config.HourlyTrendWidgetConfigActivity
ADDED from src\main\AndroidManifest.xml:264:9-271:20
	android:screenOrientation
		ADDED from src\main\AndroidManifest.xml:267:13-45
	android:theme
		ADDED from src\main\AndroidManifest.xml:266:13-57
	android:name
		ADDED from src\main\AndroidManifest.xml:265:13-79
activity#wangdaye.com.geometricweather.remoteviews.config.MultiCityWidgetConfigActivity
ADDED from src\main\AndroidManifest.xml:273:9-280:20
	android:screenOrientation
		ADDED from src\main\AndroidManifest.xml:276:13-45
	android:theme
		ADDED from src\main\AndroidManifest.xml:275:13-57
	android:name
		ADDED from src\main\AndroidManifest.xml:274:13-77
service#wangdaye.com.geometricweather.background.polling.basic.AwakeForegroundUpdateService
ADDED from src\main\AndroidManifest.xml:283:9-285:56
	android:foregroundServiceType
		ADDED from src\main\AndroidManifest.xml:285:13-53
	android:name
		ADDED from src\main\AndroidManifest.xml:284:13-82
service#wangdaye.com.geometricweather.background.polling.permanent.observer.TimeObserverService
ADDED from src\main\AndroidManifest.xml:287:9-289:42
	android:process
		ADDED from src\main\AndroidManifest.xml:289:13-39
	android:name
		ADDED from src\main\AndroidManifest.xml:288:13-86
service#wangdaye.com.geometricweather.background.polling.permanent.observer.FakeForegroundService
ADDED from src\main\AndroidManifest.xml:290:9-96
	android:name
		ADDED from src\main\AndroidManifest.xml:290:18-93
service#wangdaye.com.geometricweather.background.polling.permanent.update.ForegroundNormalUpdateService
ADDED from src\main\AndroidManifest.xml:292:9-294:56